<?xml version="1.0" encoding="UTF-8"?>
<coverage generated="1569489750">
  <project timestamp="1569489750">
    <package name="Rav\ImageCrypt\Exception">
      <file name="/var/www/html/imagecrypt.pl/package/src/ImageCrypt/Exception/ImageCryptException.php">
        <class name="Rav\ImageCrypt\Exception\ImageCryptException" namespace="Rav\ImageCrypt\Exception">
          <metrics complexity="0" methods="0" coveredmethods="0" conditionals="0" coveredconditionals="0" statements="0" coveredstatements="0" elements="0" coveredelements="0"/>
        </class>
        <metrics loc="7" ncloc="7" classes="0" methods="0" coveredmethods="0" conditionals="0" coveredconditionals="0" statements="0" coveredstatements="0" elements="0" coveredelements="0"/>
      </file>
    </package>
    <package name="Rav\ImageCrypt\Image">
      <file name="/var/www/html/imagecrypt.pl/package/src/ImageCrypt/Image/Image.php">
        <class name="Rav\ImageCrypt\Image\Image" namespace="Rav\ImageCrypt\Image">
          <metrics complexity="7" methods="2" coveredmethods="2" conditionals="0" coveredconditionals="0" statements="24" coveredstatements="24" elements="26" coveredelements="26"/>
        </class>
        <line num="9" type="method" name="load" visibility="public" complexity="4" crap="4" count="5"/>
        <line num="10" type="stmt" count="5"/>
        <line num="12" type="stmt" count="5"/>
        <line num="13" type="stmt" count="5"/>
        <line num="14" type="stmt" count="3"/>
        <line num="15" type="stmt" count="3"/>
        <line num="16" type="stmt" count="2"/>
        <line num="17" type="stmt" count="1"/>
        <line num="18" type="stmt" count="1"/>
        <line num="20" type="stmt" count="1"/>
        <line num="23" type="stmt" count="4"/>
        <line num="24" type="stmt" count="1"/>
        <line num="27" type="stmt" count="3"/>
        <line num="28" type="stmt" count="3"/>
        <line num="30" type="stmt" count="3"/>
        <line num="31" type="stmt" count="3"/>
        <line num="33" type="method" name="save" visibility="public" complexity="3" crap="3" count="3"/>
        <line num="34" type="stmt" count="3"/>
        <line num="35" type="stmt" count="3"/>
        <line num="36" type="stmt" count="1"/>
        <line num="37" type="stmt" count="1"/>
        <line num="38" type="stmt" count="2"/>
        <line num="39" type="stmt" count="1"/>
        <line num="40" type="stmt" count="1"/>
        <line num="42" type="stmt" count="1"/>
        <line num="44" type="stmt" count="2"/>
        <metrics loc="44" ncloc="44" classes="1" methods="2" coveredmethods="2" conditionals="0" coveredconditionals="0" statements="24" coveredstatements="24" elements="26" coveredelements="26"/>
      </file>
      <file name="/var/www/html/imagecrypt.pl/package/src/ImageCrypt/Image/ImageAbstract.php">
        <class name="Rav\ImageCrypt\Image\ImageAbstract" namespace="Rav\ImageCrypt\Image">
          <metrics complexity="8" methods="8" coveredmethods="8" conditionals="0" coveredconditionals="0" statements="13" coveredstatements="13" elements="21" coveredelements="21"/>
        </class>
        <line num="16" type="method" name="__construct" visibility="public" complexity="1" crap="1" count="6"/>
        <line num="17" type="stmt" count="6"/>
        <line num="18" type="stmt" count="6"/>
        <line num="19" type="stmt" count="6"/>
        <line num="21" type="method" name="getHex" visibility="public" complexity="1" crap="1" count="1"/>
        <line num="22" type="stmt" count="1"/>
        <line num="25" type="method" name="get" visibility="public" complexity="1" crap="1" count="1"/>
        <line num="26" type="stmt" count="1"/>
        <line num="28" type="stmt" count="1"/>
        <line num="31" type="method" name="set" visibility="public" complexity="1" crap="1" count="1"/>
        <line num="32" type="stmt" count="1"/>
        <line num="33" type="stmt" count="1"/>
        <line num="34" type="stmt" count="1"/>
        <line num="36" type="method" name="getWidth" visibility="public" complexity="1" crap="1" count="1"/>
        <line num="37" type="stmt" count="1"/>
        <line num="40" type="method" name="getHeight" visibility="public" complexity="1" crap="1" count="1"/>
        <line num="41" type="stmt" count="1"/>
        <line num="44" type="method" name="getType" visibility="public" complexity="1" crap="1" count="1"/>
        <line num="45" type="stmt" count="1"/>
        <line num="48" type="method" name="getAttr" visibility="public" complexity="1" crap="1" count="1"/>
        <line num="49" type="stmt" count="1"/>
        <metrics loc="50" ncloc="50" classes="1" methods="8" coveredmethods="8" conditionals="0" coveredconditionals="0" statements="13" coveredstatements="13" elements="21" coveredelements="21"/>
      </file>
      <file name="/var/www/html/imagecrypt.pl/package/src/ImageCrypt/Image/ImageHelper.php">
        <class name="Rav\ImageCrypt\Image\ImageHelper" namespace="Rav\ImageCrypt\Image">
          <metrics complexity="5" methods="3" coveredmethods="3" conditionals="0" coveredconditionals="0" statements="11" coveredstatements="11" elements="14" coveredelements="14"/>
        </class>
        <line num="9" type="method" name="getRgbFromHex" visibility="public" complexity="3" crap="3" count="3"/>
        <line num="10" type="stmt" count="3"/>
        <line num="11" type="stmt" count="1"/>
        <line num="14" type="stmt" count="2"/>
        <line num="15" type="stmt" count="2"/>
        <line num="16" type="stmt" count="2"/>
        <line num="17" type="stmt" count="2"/>
        <line num="19" type="stmt" count="2"/>
        <line num="22" type="method" name="getBinFromHex" visibility="public" complexity="1" crap="1" count="1"/>
        <line num="23" type="stmt" count="1"/>
        <line num="25" type="stmt" count="1"/>
        <line num="28" type="method" name="getHexFromBin" visibility="public" complexity="1" crap="1" count="1"/>
        <line num="29" type="stmt" count="1"/>
        <line num="31" type="stmt" count="1"/>
        <metrics loc="32" ncloc="32" classes="1" methods="3" coveredmethods="3" conditionals="0" coveredconditionals="0" statements="11" coveredstatements="11" elements="14" coveredelements="14"/>
      </file>
      <file name="/var/www/html/imagecrypt.pl/package/src/ImageCrypt/Image/Rgb.php">
        <class name="Rav\ImageCrypt\Image\Rgb" namespace="Rav\ImageCrypt\Image">
          <metrics complexity="10" methods="10" coveredmethods="10" conditionals="0" coveredconditionals="0" statements="18" coveredstatements="18" elements="28" coveredelements="28"/>
        </class>
        <line num="12" type="method" name="__construct" visibility="public" complexity="1" crap="1" count="3"/>
        <line num="13" type="stmt" count="3"/>
        <line num="14" type="stmt" count="3"/>
        <line num="15" type="stmt" count="3"/>
        <line num="16" type="stmt" count="3"/>
        <line num="17" type="stmt" count="3"/>
        <line num="19" type="method" name="setAlpha" visibility="public" complexity="1" crap="1" count="1"/>
        <line num="20" type="stmt" count="1"/>
        <line num="21" type="stmt" count="1"/>
        <line num="23" type="method" name="getAlpha" visibility="public" complexity="1" crap="1" count="3"/>
        <line num="24" type="stmt" count="3"/>
        <line num="27" type="method" name="setRed" visibility="public" complexity="1" crap="1" count="1"/>
        <line num="28" type="stmt" count="1"/>
        <line num="29" type="stmt" count="1"/>
        <line num="31" type="method" name="getRed" visibility="public" complexity="1" crap="1" count="3"/>
        <line num="32" type="stmt" count="3"/>
        <line num="35" type="method" name="setGreen" visibility="public" complexity="1" crap="1" count="1"/>
        <line num="36" type="stmt" count="1"/>
        <line num="37" type="stmt" count="1"/>
        <line num="39" type="method" name="getGreen" visibility="public" complexity="1" crap="1" count="3"/>
        <line num="40" type="stmt" count="3"/>
        <line num="43" type="method" name="setBlue" visibility="public" complexity="1" crap="1" count="1"/>
        <line num="44" type="stmt" count="1"/>
        <line num="45" type="stmt" count="1"/>
        <line num="47" type="method" name="getBlue" visibility="public" complexity="1" crap="1" count="3"/>
        <line num="48" type="stmt" count="3"/>
        <line num="51" type="method" name="__toString" visibility="public" complexity="1" crap="1" count="2"/>
        <line num="52" type="stmt" count="2"/>
        <metrics loc="53" ncloc="53" classes="1" methods="10" coveredmethods="10" conditionals="0" coveredconditionals="0" statements="18" coveredstatements="18" elements="28" coveredelements="28"/>
      </file>
    </package>
    <file name="/var/www/html/imagecrypt.pl/package/src/ImageCrypt/Image/ImageInterface.php">
      <metrics loc="11" ncloc="11" classes="0" methods="0" coveredmethods="0" conditionals="0" coveredconditionals="0" statements="0" coveredstatements="0" elements="0" coveredelements="0"/>
    </file>
    <package name="Rav\ImageCrypt">
      <file name="/var/www/html/imagecrypt.pl/package/src/ImageCrypt/ImageCrypt.php">
        <class name="Rav\ImageCrypt\ImageCrypt" namespace="Rav\ImageCrypt">
          <metrics complexity="13" methods="3" coveredmethods="0" conditionals="0" coveredconditionals="0" statements="62" coveredstatements="0" elements="65" coveredelements="0"/>
        </class>
        <line num="17" type="method" name="__construct" visibility="public" complexity="1" crap="2.00" count="0"/>
        <line num="18" type="stmt" count="0"/>
        <line num="19" type="stmt" count="0"/>
        <line num="21" type="stmt" count="0"/>
        <line num="22" type="stmt" count="0"/>
        <line num="23" type="stmt" count="0"/>
        <line num="24" type="stmt" count="0"/>
        <line num="25" type="stmt" count="0"/>
        <line num="27" type="method" name="crypt" visibility="public" complexity="5" crap="30.00" count="0"/>
        <line num="28" type="stmt" count="0"/>
        <line num="29" type="stmt" count="0"/>
        <line num="30" type="stmt" count="0"/>
        <line num="32" type="stmt" count="0"/>
        <line num="33" type="stmt" count="0"/>
        <line num="34" type="stmt" count="0"/>
        <line num="36" type="stmt" count="0"/>
        <line num="37" type="stmt" count="0"/>
        <line num="38" type="stmt" count="0"/>
        <line num="39" type="stmt" count="0"/>
        <line num="40" type="stmt" count="0"/>
        <line num="42" type="stmt" count="0"/>
        <line num="43" type="stmt" count="0"/>
        <line num="44" type="stmt" count="0"/>
        <line num="46" type="stmt" count="0"/>
        <line num="48" type="stmt" count="0"/>
        <line num="49" type="stmt" count="0"/>
        <line num="50" type="stmt" count="0"/>
        <line num="52" type="stmt" count="0"/>
        <line num="53" type="stmt" count="0"/>
        <line num="54" type="stmt" count="0"/>
        <line num="56" type="stmt" count="0"/>
        <line num="57" type="stmt" count="0"/>
        <line num="59" type="method" name="decrypt" visibility="public" complexity="7" crap="56.00" count="0"/>
        <line num="60" type="stmt" count="0"/>
        <line num="61" type="stmt" count="0"/>
        <line num="62" type="stmt" count="0"/>
        <line num="63" type="stmt" count="0"/>
        <line num="64" type="stmt" count="0"/>
        <line num="65" type="stmt" count="0"/>
        <line num="66" type="stmt" count="0"/>
        <line num="67" type="stmt" count="0"/>
        <line num="69" type="stmt" count="0"/>
        <line num="70" type="stmt" count="0"/>
        <line num="71" type="stmt" count="0"/>
        <line num="72" type="stmt" count="0"/>
        <line num="74" type="stmt" count="0"/>
        <line num="76" type="stmt" count="0"/>
        <line num="77" type="stmt" count="0"/>
        <line num="78" type="stmt" count="0"/>
        <line num="79" type="stmt" count="0"/>
        <line num="80" type="stmt" count="0"/>
        <line num="81" type="stmt" count="0"/>
        <line num="82" type="stmt" count="0"/>
        <line num="83" type="stmt" count="0"/>
        <line num="85" type="stmt" count="0"/>
        <line num="86" type="stmt" count="0"/>
        <line num="88" type="stmt" count="0"/>
        <line num="89" type="stmt" count="0"/>
        <line num="91" type="stmt" count="0"/>
        <line num="92" type="stmt" count="0"/>
        <line num="93" type="stmt" count="0"/>
        <line num="95" type="stmt" count="0"/>
        <line num="96" type="stmt" count="0"/>
        <line num="98" type="stmt" count="0"/>
        <line num="99" type="stmt" count="0"/>
        <metrics loc="99" ncloc="99" classes="1" methods="3" coveredmethods="0" conditionals="0" coveredconditionals="0" statements="62" coveredstatements="0" elements="65" coveredelements="0"/>
      </file>
    </package>
    <package name="Rav\ImageCrypt\String">
      <file name="/var/www/html/imagecrypt.pl/package/src/ImageCrypt/String/BinaryConverter.php">
        <class name="Rav\ImageCrypt\String\BinaryConverter" namespace="Rav\ImageCrypt\String">
          <metrics complexity="3" methods="2" coveredmethods="2" conditionals="0" coveredconditionals="0" statements="11" coveredstatements="11" elements="13" coveredelements="13"/>
        </class>
        <line num="13" type="method" name="convert" visibility="public" complexity="1" crap="1" count="1"/>
        <line num="14" type="stmt" count="1"/>
        <line num="15" type="stmt" count="1"/>
        <line num="16" type="stmt" count="1"/>
        <line num="17" type="stmt" count="1"/>
        <line num="19" type="stmt" count="1"/>
        <line num="22" type="method" name="body" visibility="protected" complexity="2" crap="2" count="1"/>
        <line num="23" type="stmt" count="1"/>
        <line num="25" type="stmt" count="1"/>
        <line num="26" type="stmt" count="1"/>
        <line num="27" type="stmt" count="1"/>
        <line num="28" type="stmt" count="1"/>
        <line num="31" type="stmt" count="1"/>
        <metrics loc="32" ncloc="32" classes="1" methods="2" coveredmethods="2" conditionals="0" coveredconditionals="0" statements="11" coveredstatements="11" elements="13" coveredelements="13"/>
      </file>
      <file name="/var/www/html/imagecrypt.pl/package/src/ImageCrypt/String/StringConverter.php">
        <class name="Rav\ImageCrypt\String\StringConverter" namespace="Rav\ImageCrypt\String">
          <metrics complexity="10" methods="2" coveredmethods="2" conditionals="0" coveredconditionals="0" statements="17" coveredstatements="17" elements="19" coveredelements="19"/>
        </class>
        <line num="9" type="method" name="convert" visibility="public" complexity="8" crap="8" count="4"/>
        <line num="10" type="stmt" count="4"/>
        <line num="11" type="stmt" count="4"/>
        <line num="12" type="stmt" count="4"/>
        <line num="13" type="stmt" count="1"/>
        <line num="16" type="stmt" count="3"/>
        <line num="17" type="stmt" count="3"/>
        <line num="18" type="stmt" count="3"/>
        <line num="19" type="stmt" count="1"/>
        <line num="22" type="stmt" count="2"/>
        <line num="23" type="stmt" count="2"/>
        <line num="24" type="stmt" count="1"/>
        <line num="27" type="stmt" count="1"/>
        <line num="30" type="method" name="body" visibility="protected" complexity="2" crap="2" count="1"/>
        <line num="31" type="stmt" count="1"/>
        <line num="33" type="stmt" count="1"/>
        <line num="34" type="stmt" count="1"/>
        <line num="35" type="stmt" count="1"/>
        <line num="38" type="stmt" count="1"/>
        <metrics loc="39" ncloc="39" classes="1" methods="2" coveredmethods="2" conditionals="0" coveredconditionals="0" statements="17" coveredstatements="17" elements="19" coveredelements="19"/>
      </file>
      <file name="/var/www/html/imagecrypt.pl/package/src/ImageCrypt/String/StringHelper.php">
        <class name="Rav\ImageCrypt\String\StringHelper" namespace="Rav\ImageCrypt\String">
          <metrics complexity="3" methods="2" coveredmethods="2" conditionals="0" coveredconditionals="0" statements="5" coveredstatements="5" elements="7" coveredelements="7"/>
        </class>
        <line num="9" type="method" name="charToBin" visibility="public" complexity="2" crap="2" count="2"/>
        <line num="10" type="stmt" count="2"/>
        <line num="11" type="stmt" count="2"/>
        <line num="12" type="stmt" count="2"/>
        <line num="15" type="stmt" count="2"/>
        <line num="18" type="method" name="binToChar" visibility="public" complexity="1" crap="1" count="2"/>
        <line num="19" type="stmt" count="2"/>
        <metrics loc="20" ncloc="20" classes="1" methods="2" coveredmethods="2" conditionals="0" coveredconditionals="0" statements="5" coveredstatements="5" elements="7" coveredelements="7"/>
      </file>
    </package>
    <file name="/var/www/html/imagecrypt.pl/package/src/ImageCrypt/String/ConverterInterface.php">
      <metrics loc="7" ncloc="7" classes="0" methods="0" coveredmethods="0" conditionals="0" coveredconditionals="0" statements="0" coveredstatements="0" elements="0" coveredelements="0"/>
    </file>
    <metrics files="11" loc="394" ncloc="394" classes="8" methods="32" coveredmethods="29" conditionals="0" coveredconditionals="0" statements="161" coveredstatements="99" elements="193" coveredelements="128"/>
  </project>
</coverage>
